<?xml version="1.0" encoding="UTF-8"?>
<!-- Generated by org.testng.reporters.JUnitReportReporter -->
<testsuite hostname="DESKTOP-I9E8UQV" failures="0" tests="2" name="Test_Class.Usercangetlowestpriceproduct" time="14.911" errors="0" timestamp="2022-10-11T15:06:08 IST" skipped="0">
  <testcase classname="Test_Class.Usercangetlowestpriceproduct" name="VerifyUserCanSearchProduct" time="7.322"/>
  <system-out>
    <![CDATA[Test Started
Test Passed]]>
  </system-out>
  <testcase classname="Test_Class.Usercangetlowestpriceproduct" name="verifythatusercangetlowestprice" time="7.589"/>
  <system-out>
    <![CDATA[Test Started
Test Passed]]>
  </system-out>
</testsuite> <!-- Test_Class.Usercangetlowestpriceproduct -->
