<?xml version="1.0" encoding="UTF-8"?>
<!-- Generated by org.testng.reporters.JUnitReportReporter -->
<testsuite hostname="DESKTOP-I9E8UQV" failures="0" tests="3" name="Test_Class.Verfifyusercanaddnewadd" time="15.833" errors="0" timestamp="2022-10-11T15:06:08 IST" skipped="0">
  <testcase classname="Test_Class.Verfifyusercanaddnewadd" name="userlandonprofile" time="1.112"/>
  <system-out>
    <![CDATA[Test Started
Test Passed]]>
  </system-out>
  <testcase classname="Test_Class.Verfifyusercanaddnewadd" name="AddnewAddress" time="7.781"/>
  <system-out>
    <![CDATA[Test Started
Test Passed]]>
  </system-out>
  <testcase classname="Test_Class.Verfifyusercanaddnewadd" name="AddnewAddress" time="6.940"/>
  <system-out>
    <![CDATA[Test Started
Test Passed]]>
  </system-out>
</testsuite> <!-- Test_Class.Verfifyusercanaddnewadd -->
