<?xml version="1.0" encoding="UTF-8"?>
<!-- Generated by org.testng.reporters.JUnitReportReporter -->
<testsuite hostname="DESKTOP-I9E8UQV" failures="0" tests="1" name="Test_Class.Verifyusercanlogin" time="5.819" errors="0" timestamp="2022-10-11T15:06:08 IST" skipped="0">
  <testcase classname="Test_Class.Verifyusercanlogin" name="test1" time="5.819"/>
  <system-out>
    <![CDATA[Test Started
Enterd Emil ID
Enterd Pass
Test Passed]]>
  </system-out>
</testsuite> <!-- Test_Class.Verifyusercanlogin -->
